${LOG_PATTERN}${LOG_PATTERN}${LOG_PATTERN} org.springframework.context.ApplicationContextException: Unable to start embedded container; nested exception is org.springframework.context.ApplicationContextException: Unable to start EmbeddedWebApplicationContext due to missing EmbeddedServletContainerFactory bean.
	at org.springframework.boot.context.embedded.EmbeddedWebApplicationContext.onRefresh(EmbeddedWebApplicationContext.java:133) ~[spring-boot-1.2.6.RELEASE.jar:1.2.6.RELEASE]
	at org.springframework.context.support.AbstractApplicationContext.refresh(AbstractApplicationContext.java:474) [spring-context-4.1.7.RELEASE.jar:4.1.7.RELEASE]
	at org.springframework.boot.context.embedded.EmbeddedWebApplicationContext.refresh(EmbeddedWebApplicationContext.java:118) [spring-boot-1.2.6.RELEASE.jar:1.2.6.RELEASE]
	at org.springframework.boot.SpringApplication.refresh(SpringApplication.java:687) [spring-boot-1.2.6.RELEASE.jar:1.2.6.RELEASE]
	at org.springframework.boot.SpringApplication.run(SpringApplication.java:321) [spring-boot-1.2.6.RELEASE.jar:1.2.6.RELEASE]
	at org.springframework.boot.SpringApplication.run(SpringApplication.java:967) [spring-boot-1.2.6.RELEASE.jar:1.2.6.RELEASE]
	at org.springframework.boot.SpringApplication.run(SpringApplication.java:956) [spring-boot-1.2.6.RELEASE.jar:1.2.6.RELEASE]
	at com.tristanchester.npc.App.main(App.java:9) [classes/:?]
	at sun.reflect.NativeMethodAccessorImpl.invoke0(Native Method) ~[?:1.8.0_251]
	at sun.reflect.NativeMethodAccessorImpl.invoke(NativeMethodAccessorImpl.java:62) ~[?:1.8.0_251]
	at sun.reflect.DelegatingMethodAccessorImpl.invoke(DelegatingMethodAccessorImpl.java:43) ~[?:1.8.0_251]
	at java.lang.reflect.Method.invoke(Method.java:498) ~[?:1.8.0_251]
	at org.springframework.boot.maven.RunMojo$LaunchRunner.run(RunMojo.java:418) [spring-boot-maven-plugin-1.2.6.RELEASE.jar:1.2.6.RELEASE]
	at java.lang.Thread.run(Thread.java:748) [?:1.8.0_251]
Caused by: org.springframework.context.ApplicationContextException: Unable to start EmbeddedWebApplicationContext due to missing EmbeddedServletContainerFactory bean.
	at org.springframework.boot.context.embedded.EmbeddedWebApplicationContext.getEmbeddedServletContainerFactory(EmbeddedWebApplicationContext.java:183) ~[spring-boot-1.2.6.RELEASE.jar:1.2.6.RELEASE]
	at org.springframework.boot.context.embedded.EmbeddedWebApplicationContext.createEmbeddedServletContainer(EmbeddedWebApplicationContext.java:156) ~[spring-boot-1.2.6.RELEASE.jar:1.2.6.RELEASE]
	at org.springframework.boot.context.embedded.EmbeddedWebApplicationContext.onRefresh(EmbeddedWebApplicationContext.java:130) ~[spring-boot-1.2.6.RELEASE.jar:1.2.6.RELEASE]
	... 13 more
${LOG_PATTERN}${LOG_PATTERN} org.springframework.context.ApplicationContextException: Unable to start embedded container; nested exception is org.springframework.context.ApplicationContextException: Unable to start EmbeddedWebApplicationContext due to missing EmbeddedServletContainerFactory bean.
	at org.springframework.boot.context.embedded.EmbeddedWebApplicationContext.onRefresh(EmbeddedWebApplicationContext.java:133) ~[spring-boot-1.2.6.RELEASE.jar:1.2.6.RELEASE]
	at org.springframework.context.support.AbstractApplicationContext.refresh(AbstractApplicationContext.java:474) ~[spring-context-4.1.7.RELEASE.jar:4.1.7.RELEASE]
	at org.springframework.boot.context.embedded.EmbeddedWebApplicationContext.refresh(EmbeddedWebApplicationContext.java:118) ~[spring-boot-1.2.6.RELEASE.jar:1.2.6.RELEASE]
	at org.springframework.boot.SpringApplication.refresh(SpringApplication.java:687) ~[spring-boot-1.2.6.RELEASE.jar:1.2.6.RELEASE]
	at org.springframework.boot.SpringApplication.run(SpringApplication.java:321) [spring-boot-1.2.6.RELEASE.jar:1.2.6.RELEASE]
	at org.springframework.boot.SpringApplication.run(SpringApplication.java:967) [spring-boot-1.2.6.RELEASE.jar:1.2.6.RELEASE]
	at org.springframework.boot.SpringApplication.run(SpringApplication.java:956) [spring-boot-1.2.6.RELEASE.jar:1.2.6.RELEASE]
	at com.tristanchester.npc.App.main(App.java:9) [classes/:?]
	at sun.reflect.NativeMethodAccessorImpl.invoke0(Native Method) ~[?:1.8.0_251]
	at sun.reflect.NativeMethodAccessorImpl.invoke(NativeMethodAccessorImpl.java:62) ~[?:1.8.0_251]
	at sun.reflect.DelegatingMethodAccessorImpl.invoke(DelegatingMethodAccessorImpl.java:43) ~[?:1.8.0_251]
	at java.lang.reflect.Method.invoke(Method.java:498) ~[?:1.8.0_251]
	at org.springframework.boot.maven.RunMojo$LaunchRunner.run(RunMojo.java:418) [spring-boot-maven-plugin-1.2.6.RELEASE.jar:1.2.6.RELEASE]
	at java.lang.Thread.run(Thread.java:748) [?:1.8.0_251]
Caused by: org.springframework.context.ApplicationContextException: Unable to start EmbeddedWebApplicationContext due to missing EmbeddedServletContainerFactory bean.
	at org.springframework.boot.context.embedded.EmbeddedWebApplicationContext.getEmbeddedServletContainerFactory(EmbeddedWebApplicationContext.java:183) ~[spring-boot-1.2.6.RELEASE.jar:1.2.6.RELEASE]
	at org.springframework.boot.context.embedded.EmbeddedWebApplicationContext.createEmbeddedServletContainer(EmbeddedWebApplicationContext.java:156) ~[spring-boot-1.2.6.RELEASE.jar:1.2.6.RELEASE]
	at org.springframework.boot.context.embedded.EmbeddedWebApplicationContext.onRefresh(EmbeddedWebApplicationContext.java:130) ~[spring-boot-1.2.6.RELEASE.jar:1.2.6.RELEASE]
	... 13 more
